<?xml version="1.0" encoding="UTF-8"?>
<!-- Generated by org.testng.reporters.JUnitReportReporter -->
<testsuite hostname="ANIKET" failures="0" tests="1" name="org.example.LoginPageTest" time="16.600" errors="0" timestamp="2023-04-20T23:13:06 IST" skipped="0">
  <testcase classname="org.example.LoginPageTest" name="loginVerification" time="16.600"/>
  <system-out/>
</testsuite> <!-- org.example.LoginPageTest -->
